/bin/fusermount: bad mount point /home/pbu80/pbu80/Mount: No such file or directory
or: low level retry 1/10: open file failed: googleapi: Error 403: The download quota for this file has been exceeded., downloadQuotaExceeded
<3>ERROR : Movie/[REC] (2007)/[REC] (2007) Bluray-1080p.mkv: ReadFileHandle.Read error: low level retry 2/10: open file failed: googleapi: Error 403: The download quota for this file has been exceeded., downloadQuotaExceeded
<3>ERROR : Movie/[REC] (2007)/[REC] (2007) Bluray-1080p.mkv: ReadFileHandle.Read error: low level retry 3/10: open file failed: googleapi: Error 403: The download quota for this file has been exceeded., downloadQuotaExceeded
<3>ERROR : Movie/[REC] (2007)/[REC] (2007) Bluray-1080p.mkv: ReadFileHandle.Read error: low level retry 4/10: open file failed: googleapi: Error 403: The download quota for this file has been exceeded., downloadQuotaExceeded
<3>ERROR : Movie/Avatar (2009)/Avatar (2009) WEBDL-2160p.mkv: ReadFileHandle.Read error: low level retry 1/10: open file failed: googleapi: Error 403: The download quota for this file has been exceeded., downloadQuotaExceeded
<3>ERROR : Movie/Avatar (2009)/Avatar (2009) WEBDL-2160p.mkv: ReadFileHandle.Read error: low level retry 2/10: open file failed: googleapi: Error 403: The download quota for this file has been exceeded., downloadQuotaExceeded
<3>ERROR : Movie/Avatar (2009)/Avatar (2009) WEBDL-2160p.mkv: ReadFileHandle.Read error: low level retry 3/10: open file failed: googleapi: Error 403: The download quota for this file has been exceeded., downloadQuotaExceeded
<3>ERROR : Movie/Avatar (2009)/Avatar (2009) WEBDL-2160p.mkv: ReadFileHandle.Read error: low level retry 4/10: open file failed: googleapi: Error 403: The download quota for this file has been exceeded., downloadQuotaExceeded
<3>ERROR : Movie/Avatar (2009)/Avatar (2009) WEBDL-2160p.mkv: ReadFileHandle.Read error: low level retry 1/10: open file failed: googleapi: Error 403: The download quota for this file has been exceeded., downloadQuotaExceeded
<3>ERROR : Movie/Avatar (2009)/Avatar (2009) WEBDL-2160p.mkv: ReadFileHandle.Read error: low level retry 2/10: open file failed: googleapi: Error 403: The download quota for this file has been exceeded., downloadQuotaExceeded
<3>ERROR : Movie/Avatar (2009)/Avatar (2009) WEBDL-2160p.mkv: ReadFileHandle.Read error: low level retry 3/10: open file failed: googleapi: Error 403: The download quota for this file has been exceeded., downloadQuotaExceeded
<3>ERROR : Movie/Avatar (2009)/Avatar (2009) WEBDL-2160p.mkv: ReadFileHandle.Read error: low level retry 1/10: open file failed: googleapi: Error 403: The download quota for this file has been exceeded., downloadQuotaExceeded
<3>ERROR : Movie/The Avengers (2012)/The Avengers (2012) Bluray-2160p.mkv: ReadFileHandle.Read error: low level retry 1/10: open file failed: googleapi: Error 403: The download quota for this file has been exceeded., downloadQuotaExceeded
<3>ERROR : Movie/The Avengers (2012)/The Avengers (2012) Bluray-2160p.mkv: ReadFileHandle.Read error: low level retry 2/10: open file failed: googleapi: Error 403: The download quota for this file has been exceeded., downloadQuotaExceeded
<3>ERROR : Movie/The Avengers (2012)/The Avengers (2012) Bluray-2160p.mkv: ReadFileHandle.Read error: low level retry 3/10: open file failed: googleapi: Error 403: The download quota for this file has been exceeded., downloadQuotaExceeded
<3>ERROR : Movie/The Avengers (2012)/The Avengers (2012) Bluray-2160p.mkv: ReadFileHandle.Read error: low level retry 4/10: open file failed: googleapi: Error 403: The download quota for this file has been exceeded., downloadQuotaExceeded
<3>ERROR : Movie/The Avengers (2012)/The Avengers (2012) Bluray-2160p.mkv: ReadFileHandle.Read error: low level retry 5/10: open file failed: googleapi: Error 403: The download quota for this file has been exceeded., downloadQuotaExceeded
<3>ERROR : Movie/The Avengers (2012)/The Avengers (2012) Bluray-2160p.mkv: ReadFileHandle.Read error: low level retry 6/10: open file failed: googleapi: Error 403: The download quota for this file has been exceeded., downloadQuotaExceeded
<3>ERROR : Movie/The Avengers (2012)/The Avengers (2012) Bluray-2160p.mkv: ReadFileHandle.Read error: low level retry 7/10: open file failed: googleapi: Error 403: The download quota for this file has been exceeded., downloadQuotaExceeded
<3>ERROR : Movie/The Avengers (2012)/The Avengers (2012) Bluray-2160p.mkv: ReadFileHandle.Read error: low level retry 8/10: open file failed: googleapi: Error 403: The download quota for this file has been exceeded., downloadQuotaExceeded
<3>ERROR : Movie/The Avengers (2012)/The.Avengers.2012.Bluray-1080p.mkv: ReadFileHandle.Read error: low level retry 1/10: open file failed: googleapi: Error 403: The download quota for this file has been exceeded., downloadQuotaExceeded
<3>ERROR : Movie/The Avengers (2012)/The.Avengers.2012.Bluray-1080p.mkv: ReadFileHandle.Read error: low level retry 2/10: open file failed: googleapi: Error 403: The download quota for this file has been exceeded., downloadQuotaExceeded
<3>ERROR : Movie/The Avengers (2012)/The.Avengers.2012.Bluray-1080p.mkv: ReadFileHandle.Read error: low level retry 3/10: open file failed: googleapi: Error 403: The download quota for this file has been exceeded., downloadQuotaExceeded
<3>ERROR : Movie/The Avengers (2012)/The.Avengers.2012.Bluray-1080p.mkv: ReadFileHandle.Read error: low level retry 1/10: open file failed: googleapi: Error 403: The download quota for this file has been exceeded., downloadQuotaExceeded
<3>ERROR : Movie/The Avengers (2012)/The.Avengers.2012.Bluray-1080p.mkv: ReadFileHandle.Read error: low level retry 2/10: open file failed: googleapi: Error 403: The download quota for this file has been exceeded., downloadQuotaExceeded
<3>ERROR : Movie/The Avengers (2012)/The.Avengers.2012.Bluray-1080p.mkv: ReadFileHandle.Read error: low level retry 3/10: open file failed: googleapi: Error 403: The download quota for this file has been exceeded., downloadQuotaExceeded
<3>ERROR : Movie/The Avengers (2012)/The.Avengers.2012.Bluray-1080p.mkv: ReadFileHandle.Read error: low level retry 4/10: open file failed: googleapi: Error 403: The download quota for this file has been exceeded., downloadQuotaExceeded
<3>ERROR : Movie/The Avengers (2012)/The.Avengers.2012.Bluray-1080p.mkv: ReadFileHandle.Read error: low level retry 5/10: open file failed: googleapi: Error 403: The download quota for this file has been exceeded., downloadQuotaExceeded
<3>ERROR : Movie/The Avengers (2012)/The.Avengers.2012.Bluray-1080p.mkv: ReadFileHandle.Read error: low level retry 6/10: open file failed: googleapi: Error 403: The download quota for this file has been exceeded., downloadQuotaExceeded
<3>ERROR : Movie/The Avengers (2012)/The.Avengers.2012.Bluray-1080p.mkv: ReadFileHandle.Read error: low level retry 7/10: open file failed: googleapi: Error 403: The download quota for this file has been exceeded., downloadQuotaExceeded
<3>ERROR : Movie/The Avengers (2012)/The.Avengers.2012.Bluray-1080p.mkv: ReadFileHandle.Read error: low level retry 8/10: open file failed: googleapi: Error 403: The download quota for this file has been exceeded., downloadQuotaExceeded
<3>ERROR : Movie/The Avengers (2012)/The.Avengers.2012.Bluray-1080p.mkv: ReadFileHandle.Read error: low level retry 9/10: open file failed: googleapi: Error 403: The download quota for this file has been exceeded., downloadQuotaExceeded
<3>ERROR : Movie/The Avengers (2012)/The.Avengers.2012.Bluray-1080p.mkv: ReadFileHandle.Read error: low level retry 10/10: open file failed: googleapi: Error 403: The download quota for this file has been exceeded., downloadQuotaExceeded
<3>ERROR : Movie/The Avengers (2012)/The.Avengers.2012.Bluray-1080p.mkv: ReadFileHandle.Read error: open file failed: googleapi: Error 403: The download quota for this file has been exceeded., downloadQuotaExceeded
<3>ERROR : Movie/The Avengers (2012)/The.Avengers.2012.Bluray-1080p.mkv: ReadFileHandle.Read error: low level retry 1/10: file already closed
<3>ERROR : Movie/The Avengers (2012)/The.Avengers.2012.Bluray-1080p.mkv: ReadFileHandle.Read error: low level retry 1/10: open file failed: googleapi: Error 403: The download quota for this file has been exceeded., downloadQuotaExceeded
<3>ERROR : Movie/The Avengers (2012)/The.Avengers.2012.Bluray-1080p.mkv: ReadFileHandle.Read error: low level retry 2/10: open file failed: googleapi: Error 403: The download quota for this file has been exceeded., downloadQuotaExceeded
<3>ERROR : Movie/The Avengers (2012)/The.Avengers.2012.Bluray-1080p.mkv: ReadFileHandle.Read error: low level retry 3/10: open file failed: googleapi: Error 403: The download quota for this file has been exceeded., downloadQuotaExceeded
<3>ERROR : Movie/The Avengers (2012)/The.Avengers.2012.Bluray-1080p.mkv: ReadFileHandle.Read error: low level retry 4/10: open file failed: googleapi: Error 403: The download quota for this file has been exceeded., downloadQuotaExceeded
<3>ERROR : Movie/The Avengers (2012)/The.Avengers.2012.Bluray-1080p.mkv: ReadFileHandle.Read error: low level retry 5/10: open file failed: googleapi: Error 403: The download quota for this file has been exceeded., downloadQuotaExceeded
<3>ERROR : Movie/The Avengers (2012)/The.Avengers.2012.Bluray-1080p.mkv: ReadFileHandle.Read error: low level retry 6/10: open file failed: googleapi: Error 403: The download quota for this file has been exceeded., downloadQuotaExceeded
<3>ERROR : Movie/The Avengers (2012)/The.Avengers.2012.Bluray-1080p.mkv: ReadFileHandle.Read error: low level retry 7/10: open file failed: googleapi: Error 403: The download quota for this file has been exceeded., downloadQuotaExceeded
<3>ERROR : Movie/The Avengers (2012)/The.Avengers.2012.Bluray-1080p.mkv: ReadFileHandle.Read error: low level retry 8/10: open file failed: googleapi: Error 403: The download quota for this file has been exceeded., downloadQuotaExceeded
<3>ERROR : Movie/The Avengers (2012)/The.Avengers.2012.Bluray-1080p.mkv: ReadFileHandle.Read error: low level retry 9/10: open file failed: googleapi: Error 403: The download quota for this file has been exceeded., downloadQuotaExceeded
<3>ERROR : Movie/The Avengers (2012)/The.Avengers.2012.Bluray-1080p.mkv: ReadFileHandle.Read error: low level retry 10/10: open file failed: googleapi: Error 403: The download quota for this file has been exceeded., downloadQuotaExceeded
<3>ERROR : Movie/The Avengers (2012)/The.Avengers.2012.Bluray-1080p.mkv: ReadFileHandle.Read error: open file failed: googleapi: Error 403: The download quota for this file has been exceeded., downloadQuotaExceeded
<3>ERROR : Movie/The Avengers (2012)/The.Avengers.2012.Bluray-1080p.mkv: ReadFileHandle.Read error: low level retry 1/10: open file failed: googleapi: Error 403: The download quota for this file has been exceeded., downloadQuotaExceeded
<3>ERROR : Movie/The Avengers (2012)/The.Avengers.2012.Bluray-1080p.mkv: ReadFileHandle.Read error: low level retry 2/10: open file failed: googleapi: Error 403: The download quota for this file has been exceeded., downloadQuotaExceeded
<3>ERROR : Movie/The Avengers (2012)/The.Avengers.2012.Bluray-1080p.mkv: ReadFileHandle.Read error: low level retry 3/10: open file failed: googleapi: Error 403: The download quota for this file has been exceeded., downloadQuotaExceeded
<3>ERROR : Movie/The Avengers (2012)/The.Avengers.2012.Bluray-1080p.mkv: ReadFileHandle.Read error: low level retry 4/10: open file failed: googleapi: Error 403: The download quota for this file has been exceeded., downloadQuotaExceeded
<3>ERROR : Movie/The Avengers (2012)/The.Avengers.2012.Bluray-1080p.mkv: ReadFileHandle.Read error: low level retry 5/10: open file failed: googleapi: Error 403: The download quota for this file has been exceeded., downloadQuotaExceeded
<3>ERROR : Movie/The Avengers (2012)/The.Avengers.2012.Bluray-1080p.mkv: ReadFileHandle.Read error: low level retry 6/10: open file failed: googleapi: Error 403: The download quota for this file has been exceeded., downloadQuotaExceeded
<3>ERROR : Movie/The Avengers (2012)/The.Avengers.2012.Bluray-1080p.mkv: ReadFileHandle.Read error: low level retry 7/10: open file failed: googleapi: Error 403: The download quota for this file has been exceeded., downloadQuotaExceeded
<3>ERROR : Movie/The Avengers (2012)/The.Avengers.2012.Bluray-1080p.mkv: ReadFileHandle.Read error: low level retry 8/10: open file failed: googleapi: Error 403: The download quota for this file has been exceeded., downloadQuotaExceeded
<3>ERROR : Movie/The Avengers (2012)/The.Avengers.2012.Bluray-1080p.mkv: ReadFileHandle.Read error: low level retry 9/10: open file failed: googleapi: Error 403: The download quota for this file has been exceeded., downloadQuotaExceeded
<3>ERROR : Movie/The Avengers (2012)/The.Avengers.2012.Bluray-1080p.mkv: ReadFileHandle.Read error: low level retry 10/10: open file failed: googleapi: Error 403: The download quota for this file has been exceeded., downloadQuotaExceeded
<3>ERROR : Movie/The Avengers (2012)/The.Avengers.2012.Bluray-1080p.mkv: ReadFileHandle.Read error: open file failed: googleapi: Error 403: The download quota for this file has been exceeded., downloadQuotaExceeded
<3>ERROR : Movie/The Avengers (2012)/The.Avengers.2012.Bluray-1080p.mkv: ReadFileHandle.Read error: low level retry 1/10: open file failed: googleapi: Error 403: The download quota for this file has been exceeded., downloadQuotaExceeded
<3>ERROR : Movie/The Avengers (2012)/The.Avengers.2012.Bluray-1080p.mkv: ReadFileHandle.Read error: low level retry 2/10: open file failed: googleapi: Error 403: The download quota for this file has been exceeded., downloadQuotaExceeded
<3>ERROR : Movie/The Avengers (2012)/The.Avengers.2012.Bluray-1080p.mkv: ReadFileHandle.Read error: low level retry 3/10: open file failed: googleapi: Error 403: The download quota for this file has been exceeded., downloadQuotaExceeded
<3>ERROR : Movie/The Avengers (2012)/The.Avengers.2012.Bluray-1080p.mkv: ReadFileHandle.Read error: low level retry 4/10: open file failed: googleapi: Error 403: The download quota for this file has been exceeded., downloadQuotaExceeded
<3>ERROR : Movie/The Avengers (2012)/The.Avengers.2012.Bluray-1080p.mkv: ReadFileHandle.Read error: low level retry 5/10: open file failed: googleapi: Error 403: The download quota for this file has been exceeded., downloadQuotaExceeded
<3>ERROR : Movie/The Avengers (2012)/The.Avengers.2012.Bluray-1080p.mkv: ReadFileHandle.Read error: low level retry 6/10: open file failed: googleapi: Error 403: The download quota for this file has been exceeded., downloadQuotaExceeded
<3>ERROR : Movie/The Avengers (2012)/The.Avengers.2012.Bluray-1080p.mkv: ReadFileHandle.Read error: low level retry 7/10: open file failed: googleapi: Error 403: The download quota for this file has been exceeded., downloadQuotaExceeded
<3>ERROR : Movie/The Avengers (2012)/The.Avengers.2012.Bluray-1080p.mkv: ReadFileHandle.Read error: low level retry 8/10: open file failed: googleapi: Error 403: The download quota for this file has been exceeded., downloadQuotaExceeded
<3>ERROR : Movie/The Avengers (2012)/The.Avengers.2012.Bluray-1080p.mkv: ReadFileHandle.Read error: low level retry 9/10: open file failed: googleapi: Error 403: The download quota for this file has been exceeded., downloadQuotaExceeded
<3>ERROR : Movie/The Avengers (2012)/The.Avengers.2012.Bluray-1080p.mkv: ReadFileHandle.Read error: low level retry 10/10: open file failed: googleapi: Error 403: The download quota for this file has been exceeded., downloadQuotaExceeded
<3>ERROR : Movie/The Avengers (2012)/The.Avengers.2012.Bluray-1080p.mkv: ReadFileHandle.Read error: open file failed: googleapi: Error 403: The download quota for this file has been exceeded., downloadQuotaExceeded
<3>ERROR : Movie/The Avengers (2012)/The.Avengers.2012.Bluray-1080p.mkv: ReadFileHandle.Read error: low level retry 1/10: file already closed
<3>ERROR : Movie/The Avengers (2012)/The.Avengers.2012.Bluray-1080p.mkv: ReadFileHandle.Read error: low level retry 2/10: open file failed: googleapi: Error 403: The download quota for this file has been exceeded., downloadQuotaExceeded
<3>ERROR : Movie/The Avengers (2012)/The.Avengers.2012.Bluray-1080p.mkv: ReadFileHandle.Read error: low level retry 3/10: open file failed: googleapi: Error 403: The download quota for this file has been exceeded., downloadQuotaExceeded
<3>ERROR : Movie/The Avengers (2012)/The.Avengers.2012.Bluray-1080p.mkv: ReadFileHandle.Read error: low level retry 4/10: open file failed: googleapi: Error 403: The download quota for this file has been exceeded., downloadQuotaExceeded
<3>ERROR : Movie/The Avengers (2012)/The.Avengers.2012.Bluray-1080p.mkv: ReadFileHandle.Read error: low level retry 5/10: open file failed: googleapi: Error 403: The download quota for this file has been exceeded., downloadQuotaExceeded
<3>ERROR : Movie/The Avengers (2012)/The.Avengers.2012.Bluray-1080p.mkv: ReadFileHandle.Read error: low level retry 6/10: open file failed: googleapi: Error 403: The download quota for this file has been exceeded., downloadQuotaExceeded
<3>ERROR : Movie/The Avengers (2012)/The.Avengers.2012.Bluray-1080p.mkv: ReadFileHandle.Read error: low level retry 7/10: open file failed: googleapi: Error 403: The download quota for this file has been exceeded., downloadQuotaExceeded
<3>ERROR : Movie/The Avengers (2012)/The.Avengers.2012.Bluray-1080p.mkv: ReadFileHandle.Read error: low level retry 8/10: open file failed: googleapi: Error 403: The download quota for this file has been exceeded., downloadQuotaExceeded
<3>ERROR : Movie/The Avengers (2012)/The.Avengers.2012.Bluray-1080p.mkv: ReadFileHandle.Read error: low level retry 9/10: open file failed: googleapi: Error 403: The download quota for this file has been exceeded., downloadQuotaExceeded
<3>ERROR : Movie/The Avengers (2012)/The.Avengers.2012.Bluray-1080p.mkv: ReadFileHandle.Read error: low level retry 10/10: open file failed: googleapi: Error 403: The download quota for this file has been exceeded., downloadQuotaExceeded
<3>ERROR : Movie/The Avengers (2012)/The.Avengers.2012.Bluray-1080p.mkv: ReadFileHandle.Read error: open file failed: googleapi: Error 403: The download quota for this file has been exceeded., downloadQuotaExceeded
<3>ERROR : Movie/The Avengers (2012)/The.Avengers.2012.Bluray-1080p.mkv: ReadFileHandle.Read error: low level retry 1/10: file already closed
<3>ERROR : Movie/The Avengers (2012)/The.Avengers.2012.Bluray-1080p.mkv: ReadFileHandle.Read error: low level retry 2/10: open file failed: googleapi: Error 403: The download quota for this file has been exceeded., downloadQuotaExceeded
<3>ERROR : Movie/The Avengers (2012)/The.Avengers.2012.Bluray-1080p.mkv: ReadFileHandle.Read error: low level retry 3/10: open file failed: googleapi: Error 403: The download quota for this file has been exceeded., downloadQuotaExceeded
<3>ERROR : Movie/The Avengers (2012)/The.Avengers.2012.Bluray-1080p.mkv: ReadFileHandle.Read error: low level retry 4/10: open file failed: googleapi: Error 403: The download quota for this file has been exceeded., downloadQuotaExceeded
<3>ERROR : Movie/The Avengers (2012)/The.Avengers.2012.Bluray-1080p.mkv: ReadFileHandle.Read error: low level retry 5/10: open file failed: googleapi: Error 403: The download quota for this file has been exceeded., downloadQuotaExceeded
<3>ERROR : Movie/The Avengers (2012)/The.Avengers.2012.Bluray-1080p.mkv: ReadFileHandle.Read error: low level retry 6/10: open file failed: googleapi: Error 403: The download quota for this file has been exceeded., downloadQuotaExceeded
<3>ERROR : Movie/The Avengers (2012)/The.Avengers.2012.Bluray-1080p.mkv: ReadFileHandle.Read error: low level retry 7/10: open file failed: googleapi: Error 403: The download quota for this file has been exceeded., downloadQuotaExceeded
<3>ERROR : Movie/The Avengers (2012)/The.Avengers.2012.Bluray-1080p.mkv: ReadFileHandle.Read error: low level retry 8/10: open file failed: googleapi: Error 403: The download quota for this file has been exceeded., downloadQuotaExceeded
<3>ERROR : Movie/The Avengers (2012)/The.Avengers.2012.Bluray-1080p.mkv: ReadFileHandle.Read error: low level retry 9/10: open file failed: googleapi: Error 403: The download quota for this file has been exceeded., downloadQuotaExceeded
<3>ERROR : Movie/The Avengers (2012)/The.Avengers.2012.Bluray-1080p.mkv: ReadFileHandle.Read error: low level retry 10/10: open file failed: googleapi: Error 403: The download quota for this file has been exceeded., downloadQuotaExceeded
<3>ERROR : Movie/The Avengers (2012)/The.Avengers.2012.Bluray-1080p.mkv: ReadFileHandle.Read error: open file failed: googleapi: Error 403: The download quota for this file has been exceeded., downloadQuotaExceeded
<3>ERROR : Movie/The Avengers (2012)/The.Avengers.2012.Bluray-1080p.mkv: ReadFileHandle.Release error: file already closed
